{"uuid":"4d8acc98-aeb5-44a4-a2c5-62335844be8d","historyId":"6465fa3d86bf5db51f943772ad7b7bcb","fullName":"src/test/java/com/nc/features/MasterFlow.feature:11","labels":[{"name":"host","value":"201708001-KrisBiyantoro-Laptop"},{"name":"thread","value":"22712@201708001-KrisBiyantoro-Laptop.main(1)"},{"name":"feature","value":"Master Flow Feature"},{"name":"story","value":"Successful login"},{"name":"suite","value":"Master Flow Feature"},{"name":"testClass","value":"Successful login"},{"name":"framework","value":"cucumber4jvm"},{"name":"language","value":"java"},{"name":"gherkin_uri","value":"file:///D:/MyDocument/docKris/ProjectAutomation/Maven%20POM/Maven-Selenium-Using-Test-Data-Excel/src/test/java/com/nc/features/MasterFlow.feature"},{"name":"package","value":"src.test.java.com.nc.features.MasterFlow_feature.Master Flow Feature"}],"links":[],"name":"Successful login","status":"broken","statusDetails":{"known":false,"muted":false,"flaky":false,"message":"Expected condition failed: waiting for element to be clickable: By.xpath: //div[contains(@id, 'btnschema') and .//div[text()='ASW' or contains(text(), 'Asia Sakti Wahid Foods Manufacturing')]][@style] (tried for 10 second(s) with 500 milliseconds interval)\nBuild info: version: '4.20.0', revision: '866c76ca80'\nSystem info: os.name: 'Windows 11', os.arch: 'amd64', os.version: '10.0', java.version: '21.0.6'\nDriver info: org.openqa.selenium.chrome.ChromeDriver\nCapabilities {acceptInsecureCerts: false, browserName: chrome, browserVersion: 140.0.7339.128, chrome: {chromedriverVersion: 140.0.7339.207 (17230b545fd..., userDataDir: C:\\Users\\nexsoft\\AppData\\Lo...}, fedcm:accounts: true, goog:chromeOptions: {debuggerAddress: localhost:64219}, networkConnectionEnabled: false, pageLoadStrategy: normal, platformName: windows, proxy: Proxy(), se:cdp: ws://localhost:64219/devtoo..., se:cdpVersion: 140.0.7339.128, setWindowRect: true, strictFileInteractability: false, timeouts: {implicit: 0, pageLoad: 300000, script: 30000}, unhandledPromptBehavior: dismiss and notify, webauthn:extension:credBlob: true, webauthn:extension:largeBlob: true, webauthn:extension:minPinLength: true, webauthn:extension:prf: true, webauthn:virtualAuthenticators: true}\nSession ID: 576c3ebec1d7b7e99d25a35f37ecf9e1","trace":"org.openqa.selenium.TimeoutException: Expected condition failed: waiting for element to be clickable: By.xpath: //div[contains(@id, 'btnschema') and .//div[text()='ASW' or contains(text(), 'Asia Sakti Wahid Foods Manufacturing')]][@style] (tried for 10 second(s) with 500 milliseconds interval)\nBuild info: version: '4.20.0', revision: '866c76ca80'\nSystem info: os.name: 'Windows 11', os.arch: 'amd64', os.version: '10.0', java.version: '21.0.6'\nDriver info: org.openqa.selenium.chrome.ChromeDriver\nCapabilities {acceptInsecureCerts: false, browserName: chrome, browserVersion: 140.0.7339.128, chrome: {chromedriverVersion: 140.0.7339.207 (17230b545fd..., userDataDir: C:\\Users\\nexsoft\\AppData\\Lo...}, fedcm:accounts: true, goog:chromeOptions: {debuggerAddress: localhost:64219}, networkConnectionEnabled: false, pageLoadStrategy: normal, platformName: windows, proxy: Proxy(), se:cdp: ws://localhost:64219/devtoo..., se:cdpVersion: 140.0.7339.128, setWindowRect: true, strictFileInteractability: false, timeouts: {implicit: 0, pageLoad: 300000, script: 30000}, unhandledPromptBehavior: dismiss and notify, webauthn:extension:credBlob: true, webauthn:extension:largeBlob: true, webauthn:extension:minPinLength: true, webauthn:extension:prf: true, webauthn:virtualAuthenticators: true}\nSession ID: 576c3ebec1d7b7e99d25a35f37ecf9e1\r\n\tat org.openqa.selenium.support.ui.WebDriverWait.timeoutException(WebDriverWait.java:84)\r\n\tat org.openqa.selenium.support.ui.FluentWait.until(FluentWait.java:228)\r\n\tat com.nc.pages.PortalPage.navigateToPortal(PortalPage.java:21)\r\n\tat com.nc.stepdefinitions.PortalSteps.userNavigatesToPortal(PortalSteps.java:52)\r\n\tat ✽.User navigates to portal from testDataID \"TDG000001\"(file:///D:/MyDocument/docKris/ProjectAutomation/Maven%20POM/Maven-Selenium-Using-Test-Data-Excel/src/test/java/com/nc/features/MasterFlow.feature:5)\r\n"},"stage":"finished","steps":[{"name":"Given  User login with testDataID \"TDG000001\"","status":"passed","statusDetails":{"known":false,"muted":false,"flaky":false},"stage":"finished","steps":[],"attachments":[],"parameters":[],"start":1758696621182,"stop":1758696622025},{"name":"And  User navigates to portal from testDataID \"TDG000001\"","status":"broken","statusDetails":{"known":false,"muted":false,"flaky":false,"message":"Expected condition failed: waiting for element to be clickable: By.xpath: //div[contains(@id, 'btnschema') and .//div[text()='ASW' or contains(text(), 'Asia Sakti Wahid Foods Manufacturing')]][@style] (tried for 10 second(s) with 500 milliseconds interval)\nBuild info: version: '4.20.0', revision: '866c76ca80'\nSystem info: os.name: 'Windows 11', os.arch: 'amd64', os.version: '10.0', java.version: '21.0.6'\nDriver info: org.openqa.selenium.chrome.ChromeDriver\nCapabilities {acceptInsecureCerts: false, browserName: chrome, browserVersion: 140.0.7339.128, chrome: {chromedriverVersion: 140.0.7339.207 (17230b545fd..., userDataDir: C:\\Users\\nexsoft\\AppData\\Lo...}, fedcm:accounts: true, goog:chromeOptions: {debuggerAddress: localhost:64219}, networkConnectionEnabled: false, pageLoadStrategy: normal, platformName: windows, proxy: Proxy(), se:cdp: ws://localhost:64219/devtoo..., se:cdpVersion: 140.0.7339.128, setWindowRect: true, strictFileInteractability: false, timeouts: {implicit: 0, pageLoad: 300000, script: 30000}, unhandledPromptBehavior: dismiss and notify, webauthn:extension:credBlob: true, webauthn:extension:largeBlob: true, webauthn:extension:minPinLength: true, webauthn:extension:prf: true, webauthn:virtualAuthenticators: true}\nSession ID: 576c3ebec1d7b7e99d25a35f37ecf9e1","trace":"org.openqa.selenium.TimeoutException: Expected condition failed: waiting for element to be clickable: By.xpath: //div[contains(@id, 'btnschema') and .//div[text()='ASW' or contains(text(), 'Asia Sakti Wahid Foods Manufacturing')]][@style] (tried for 10 second(s) with 500 milliseconds interval)\nBuild info: version: '4.20.0', revision: '866c76ca80'\nSystem info: os.name: 'Windows 11', os.arch: 'amd64', os.version: '10.0', java.version: '21.0.6'\nDriver info: org.openqa.selenium.chrome.ChromeDriver\nCapabilities {acceptInsecureCerts: false, browserName: chrome, browserVersion: 140.0.7339.128, chrome: {chromedriverVersion: 140.0.7339.207 (17230b545fd..., userDataDir: C:\\Users\\nexsoft\\AppData\\Lo...}, fedcm:accounts: true, goog:chromeOptions: {debuggerAddress: localhost:64219}, networkConnectionEnabled: false, pageLoadStrategy: normal, platformName: windows, proxy: Proxy(), se:cdp: ws://localhost:64219/devtoo..., se:cdpVersion: 140.0.7339.128, setWindowRect: true, strictFileInteractability: false, timeouts: {implicit: 0, pageLoad: 300000, script: 30000}, unhandledPromptBehavior: dismiss and notify, webauthn:extension:credBlob: true, webauthn:extension:largeBlob: true, webauthn:extension:minPinLength: true, webauthn:extension:prf: true, webauthn:virtualAuthenticators: true}\nSession ID: 576c3ebec1d7b7e99d25a35f37ecf9e1\r\n\tat org.openqa.selenium.support.ui.WebDriverWait.timeoutException(WebDriverWait.java:84)\r\n\tat org.openqa.selenium.support.ui.FluentWait.until(FluentWait.java:228)\r\n\tat com.nc.pages.PortalPage.navigateToPortal(PortalPage.java:21)\r\n\tat com.nc.stepdefinitions.PortalSteps.userNavigatesToPortal(PortalSteps.java:52)\r\n\tat ✽.User navigates to portal from testDataID \"TDG000001\"(file:///D:/MyDocument/docKris/ProjectAutomation/Maven%20POM/Maven-Selenium-Using-Test-Data-Excel/src/test/java/com/nc/features/MasterFlow.feature:5)\r\n"},"stage":"finished","steps":[],"attachments":[],"parameters":[],"start":1758696622026,"stop":1758696632659},{"name":"Then  User should see Nexchief title","status":"skipped","statusDetails":{"known":false,"muted":false,"flaky":false},"stage":"finished","steps":[],"attachments":[],"parameters":[],"start":1758696632659,"stop":1758696632662}],"attachments":[],"parameters":[{"name":"testDataID","value":"TDG000001"}],"start":1758696615103,"stop":1758696633316}