{"uuid":"b4317955-cc46-4249-b0fd-7d2fd7767082","historyId":"6465fa3d86bf5db51f943772ad7b7bcb","fullName":"src/test/java/com/nc/features/MasterFlow.feature:11","labels":[{"name":"host","value":"201708001-KrisBiyantoro-Laptop"},{"name":"thread","value":"21580@201708001-KrisBiyantoro-Laptop.main(1)"},{"name":"feature","value":"Master Flow Feature"},{"name":"story","value":"Successful login"},{"name":"suite","value":"Master Flow Feature"},{"name":"testClass","value":"Successful login"},{"name":"framework","value":"cucumber4jvm"},{"name":"language","value":"java"},{"name":"gherkin_uri","value":"file:///D:/MyDocument/docKris/ProjectAutomation/Maven%20POM/Maven-Selenium-Using-Test-Data-Excel/src/test/java/com/nc/features/MasterFlow.feature"},{"name":"package","value":"src.test.java.com.nc.features.MasterFlow_feature.Master Flow Feature"}],"links":[],"name":"Successful login","status":"broken","statusDetails":{"known":false,"muted":false,"flaky":false,"message":"Expected condition failed: waiting for element to be clickable: By.xpath: //div[contains(@class, 'schema') or contains(@id, 'schema')]//div[contains(text(), 'ASW')] | //button[contains(text(), 'ASW')] | //a[contains(text(), 'ASW')] | //div[contains(text(), 'ASW')] (tried for 10 second(s) with 500 milliseconds interval)\nBuild info: version: '4.21.0', revision: '79ed462ef4'\nSystem info: os.name: 'Windows 11', os.arch: 'amd64', os.version: '10.0', java.version: '21.0.6'\nDriver info: org.openqa.selenium.chrome.ChromeDriver\nCapabilities {acceptInsecureCerts: false, browserName: chrome, browserVersion: 140.0.7339.128, chrome: {chromedriverVersion: 140.0.7339.207 (17230b545fd..., userDataDir: C:\\Users\\nexsoft\\AppData\\Lo...}, fedcm:accounts: true, goog:chromeOptions: {debuggerAddress: localhost:49431}, networkConnectionEnabled: false, pageLoadStrategy: normal, platformName: windows, proxy: Proxy(), se:cdp: ws://localhost:49431/devtoo..., se:cdpVersion: 140.0.7339.128, setWindowRect: true, strictFileInteractability: false, timeouts: {implicit: 0, pageLoad: 300000, script: 30000}, unhandledPromptBehavior: dismiss and notify, webauthn:extension:credBlob: true, webauthn:extension:largeBlob: true, webauthn:extension:minPinLength: true, webauthn:extension:prf: true, webauthn:virtualAuthenticators: true}\nSession ID: bf2adc89dac1592ac154669b8e46f2f1","trace":"org.openqa.selenium.TimeoutException: Expected condition failed: waiting for element to be clickable: By.xpath: //div[contains(@class, 'schema') or contains(@id, 'schema')]//div[contains(text(), 'ASW')] | //button[contains(text(), 'ASW')] | //a[contains(text(), 'ASW')] | //div[contains(text(), 'ASW')] (tried for 10 second(s) with 500 milliseconds interval)\nBuild info: version: '4.21.0', revision: '79ed462ef4'\nSystem info: os.name: 'Windows 11', os.arch: 'amd64', os.version: '10.0', java.version: '21.0.6'\nDriver info: org.openqa.selenium.chrome.ChromeDriver\nCapabilities {acceptInsecureCerts: false, browserName: chrome, browserVersion: 140.0.7339.128, chrome: {chromedriverVersion: 140.0.7339.207 (17230b545fd..., userDataDir: C:\\Users\\nexsoft\\AppData\\Lo...}, fedcm:accounts: true, goog:chromeOptions: {debuggerAddress: localhost:49431}, networkConnectionEnabled: false, pageLoadStrategy: normal, platformName: windows, proxy: Proxy(), se:cdp: ws://localhost:49431/devtoo..., se:cdpVersion: 140.0.7339.128, setWindowRect: true, strictFileInteractability: false, timeouts: {implicit: 0, pageLoad: 300000, script: 30000}, unhandledPromptBehavior: dismiss and notify, webauthn:extension:credBlob: true, webauthn:extension:largeBlob: true, webauthn:extension:minPinLength: true, webauthn:extension:prf: true, webauthn:virtualAuthenticators: true}\nSession ID: bf2adc89dac1592ac154669b8e46f2f1\r\n\tat org.openqa.selenium.support.ui.WebDriverWait.timeoutException(WebDriverWait.java:84)\r\n\tat org.openqa.selenium.support.ui.FluentWait.until(FluentWait.java:228)\r\n\tat com.nc.pages.PortalPage.navigateToPortal(PortalPage.java:22)\r\n\tat com.nc.stepdefinitions.PortalSteps.userNavigatesToPortal(PortalSteps.java:52)\r\n\tat ✽.User navigates to portal from testDataID \"TDG000001\"(file:///D:/MyDocument/docKris/ProjectAutomation/Maven%20POM/Maven-Selenium-Using-Test-Data-Excel/src/test/java/com/nc/features/MasterFlow.feature:5)\r\n"},"stage":"finished","steps":[{"name":"Given  User login with testDataID \"TDG000001\"","status":"passed","statusDetails":{"known":false,"muted":false,"flaky":false},"stage":"finished","steps":[],"attachments":[],"parameters":[],"start":1758698175459,"stop":1758698176812},{"name":"And  User navigates to portal from testDataID \"TDG000001\"","status":"broken","statusDetails":{"known":false,"muted":false,"flaky":false,"message":"Expected condition failed: waiting for element to be clickable: By.xpath: //div[contains(@class, 'schema') or contains(@id, 'schema')]//div[contains(text(), 'ASW')] | //button[contains(text(), 'ASW')] | //a[contains(text(), 'ASW')] | //div[contains(text(), 'ASW')] (tried for 10 second(s) with 500 milliseconds interval)\nBuild info: version: '4.21.0', revision: '79ed462ef4'\nSystem info: os.name: 'Windows 11', os.arch: 'amd64', os.version: '10.0', java.version: '21.0.6'\nDriver info: org.openqa.selenium.chrome.ChromeDriver\nCapabilities {acceptInsecureCerts: false, browserName: chrome, browserVersion: 140.0.7339.128, chrome: {chromedriverVersion: 140.0.7339.207 (17230b545fd..., userDataDir: C:\\Users\\nexsoft\\AppData\\Lo...}, fedcm:accounts: true, goog:chromeOptions: {debuggerAddress: localhost:49431}, networkConnectionEnabled: false, pageLoadStrategy: normal, platformName: windows, proxy: Proxy(), se:cdp: ws://localhost:49431/devtoo..., se:cdpVersion: 140.0.7339.128, setWindowRect: true, strictFileInteractability: false, timeouts: {implicit: 0, pageLoad: 300000, script: 30000}, unhandledPromptBehavior: dismiss and notify, webauthn:extension:credBlob: true, webauthn:extension:largeBlob: true, webauthn:extension:minPinLength: true, webauthn:extension:prf: true, webauthn:virtualAuthenticators: true}\nSession ID: bf2adc89dac1592ac154669b8e46f2f1","trace":"org.openqa.selenium.TimeoutException: Expected condition failed: waiting for element to be clickable: By.xpath: //div[contains(@class, 'schema') or contains(@id, 'schema')]//div[contains(text(), 'ASW')] | //button[contains(text(), 'ASW')] | //a[contains(text(), 'ASW')] | //div[contains(text(), 'ASW')] (tried for 10 second(s) with 500 milliseconds interval)\nBuild info: version: '4.21.0', revision: '79ed462ef4'\nSystem info: os.name: 'Windows 11', os.arch: 'amd64', os.version: '10.0', java.version: '21.0.6'\nDriver info: org.openqa.selenium.chrome.ChromeDriver\nCapabilities {acceptInsecureCerts: false, browserName: chrome, browserVersion: 140.0.7339.128, chrome: {chromedriverVersion: 140.0.7339.207 (17230b545fd..., userDataDir: C:\\Users\\nexsoft\\AppData\\Lo...}, fedcm:accounts: true, goog:chromeOptions: {debuggerAddress: localhost:49431}, networkConnectionEnabled: false, pageLoadStrategy: normal, platformName: windows, proxy: Proxy(), se:cdp: ws://localhost:49431/devtoo..., se:cdpVersion: 140.0.7339.128, setWindowRect: true, strictFileInteractability: false, timeouts: {implicit: 0, pageLoad: 300000, script: 30000}, unhandledPromptBehavior: dismiss and notify, webauthn:extension:credBlob: true, webauthn:extension:largeBlob: true, webauthn:extension:minPinLength: true, webauthn:extension:prf: true, webauthn:virtualAuthenticators: true}\nSession ID: bf2adc89dac1592ac154669b8e46f2f1\r\n\tat org.openqa.selenium.support.ui.WebDriverWait.timeoutException(WebDriverWait.java:84)\r\n\tat org.openqa.selenium.support.ui.FluentWait.until(FluentWait.java:228)\r\n\tat com.nc.pages.PortalPage.navigateToPortal(PortalPage.java:22)\r\n\tat com.nc.stepdefinitions.PortalSteps.userNavigatesToPortal(PortalSteps.java:52)\r\n\tat ✽.User navigates to portal from testDataID \"TDG000001\"(file:///D:/MyDocument/docKris/ProjectAutomation/Maven%20POM/Maven-Selenium-Using-Test-Data-Excel/src/test/java/com/nc/features/MasterFlow.feature:5)\r\n"},"stage":"finished","steps":[],"attachments":[],"parameters":[],"start":1758698176813,"stop":1758698187266},{"name":"Then  User should see Nexchief title","status":"skipped","statusDetails":{"known":false,"muted":false,"flaky":false},"stage":"finished","steps":[],"attachments":[],"parameters":[],"start":1758698187267,"stop":1758698187268}],"attachments":[],"parameters":[{"name":"testDataID","value":"TDG000001"}],"start":1758698168966,"stop":1758698187756}