{"uid":"55a42a6ed0799d2f","name":"Successful login","fullName":"src/test/java/com/nc/features/Login.feature:11","historyId":"bf218d9fdc2ee750476c44a5b738ba7a","time":{"start":1758697492917,"stop":1758697514343,"duration":21426},"status":"broken","statusMessage":"Expected condition failed: waiting for element to be clickable: By.xpath: //div[contains(@id, 'btnschema') and .//div[text()='ASW' or contains(text(), 'Asia Sakti Wahid Foods Manufacturing')]][@style] (tried for 10 second(s) with 500 milliseconds interval)\nBuild info: version: '4.21.0', revision: '79ed462ef4'\nSystem info: os.name: 'Windows 11', os.arch: 'amd64', os.version: '10.0', java.version: '21.0.6'\nDriver info: org.openqa.selenium.chrome.ChromeDriver\nCapabilities {acceptInsecureCerts: false, browserName: chrome, browserVersion: 140.0.7339.128, chrome: {chromedriverVersion: 140.0.7339.207 (17230b545fd..., userDataDir: C:\\Users\\nexsoft\\AppData\\Lo...}, fedcm:accounts: true, goog:chromeOptions: {debuggerAddress: localhost:64631}, networkConnectionEnabled: false, pageLoadStrategy: normal, platformName: windows, proxy: Proxy(), se:cdp: ws://localhost:64631/devtoo..., se:cdpVersion: 140.0.7339.128, setWindowRect: true, strictFileInteractability: false, timeouts: {implicit: 0, pageLoad: 300000, script: 30000}, unhandledPromptBehavior: dismiss and notify, webauthn:extension:credBlob: true, webauthn:extension:largeBlob: true, webauthn:extension:minPinLength: true, webauthn:extension:prf: true, webauthn:virtualAuthenticators: true}\nSession ID: 0939d047b469d50ea5c0948c5a055324","statusTrace":"org.openqa.selenium.TimeoutException: Expected condition failed: waiting for element to be clickable: By.xpath: //div[contains(@id, 'btnschema') and .//div[text()='ASW' or contains(text(), 'Asia Sakti Wahid Foods Manufacturing')]][@style] (tried for 10 second(s) with 500 milliseconds interval)\nBuild info: version: '4.21.0', revision: '79ed462ef4'\nSystem info: os.name: 'Windows 11', os.arch: 'amd64', os.version: '10.0', java.version: '21.0.6'\nDriver info: org.openqa.selenium.chrome.ChromeDriver\nCapabilities {acceptInsecureCerts: false, browserName: chrome, browserVersion: 140.0.7339.128, chrome: {chromedriverVersion: 140.0.7339.207 (17230b545fd..., userDataDir: C:\\Users\\nexsoft\\AppData\\Lo...}, fedcm:accounts: true, goog:chromeOptions: {debuggerAddress: localhost:64631}, networkConnectionEnabled: false, pageLoadStrategy: normal, platformName: windows, proxy: Proxy(), se:cdp: ws://localhost:64631/devtoo..., se:cdpVersion: 140.0.7339.128, setWindowRect: true, strictFileInteractability: false, timeouts: {implicit: 0, pageLoad: 300000, script: 30000}, unhandledPromptBehavior: dismiss and notify, webauthn:extension:credBlob: true, webauthn:extension:largeBlob: true, webauthn:extension:minPinLength: true, webauthn:extension:prf: true, webauthn:virtualAuthenticators: true}\nSession ID: 0939d047b469d50ea5c0948c5a055324\r\n\tat org.openqa.selenium.support.ui.WebDriverWait.timeoutException(WebDriverWait.java:84)\r\n\tat org.openqa.selenium.support.ui.FluentWait.until(FluentWait.java:228)\r\n\tat com.nc.pages.PortalPage.navigateToPortal(PortalPage.java:22)\r\n\tat com.nc.stepdefinitions.PortalSteps.userNavigatesToPortal(PortalSteps.java:52)\r\n\tat ✽.User navigates to portal from testDataID \"TDG000001\"(file:///D:/MyDocument/docKris/ProjectAutomation/Maven%20POM/Maven-Selenium-Using-Test-Data-Excel/src/test/java/com/nc/features/Login.feature:5)\r\n","flaky":false,"newFailed":false,"newBroken":false,"newPassed":false,"retriesCount":0,"retriesStatusChange":false,"beforeStages":[{"name":"com.nc.stepdefinitions.Hooks.beforeScenario(io.cucumber.java.Scenario)","time":{"start":1758697492923,"stop":1758697492933,"duration":10},"status":"passed","steps":[],"attachments":[],"parameters":[],"stepsCount":0,"attachmentStep":false,"attachmentsCount":0,"shouldDisplayMessage":false,"hasContent":false},{"name":"com.nc.stepdefinitions.LoginSteps.setup()","time":{"start":1758697492937,"stop":1758697497529,"duration":4592},"status":"passed","steps":[],"attachments":[],"parameters":[],"stepsCount":0,"attachmentStep":false,"attachmentsCount":0,"shouldDisplayMessage":false,"hasContent":false},{"name":"com.nc.stepdefinitions.PortalSteps.setup()","time":{"start":1758697497529,"stop":1758697497536,"duration":7},"status":"passed","steps":[],"attachments":[],"parameters":[],"stepsCount":0,"attachmentStep":false,"attachmentsCount":0,"shouldDisplayMessage":false,"hasContent":false}],"testStage":{"status":"broken","statusMessage":"Expected condition failed: waiting for element to be clickable: By.xpath: //div[contains(@id, 'btnschema') and .//div[text()='ASW' or contains(text(), 'Asia Sakti Wahid Foods Manufacturing')]][@style] (tried for 10 second(s) with 500 milliseconds interval)\nBuild info: version: '4.21.0', revision: '79ed462ef4'\nSystem info: os.name: 'Windows 11', os.arch: 'amd64', os.version: '10.0', java.version: '21.0.6'\nDriver info: org.openqa.selenium.chrome.ChromeDriver\nCapabilities {acceptInsecureCerts: false, browserName: chrome, browserVersion: 140.0.7339.128, chrome: {chromedriverVersion: 140.0.7339.207 (17230b545fd..., userDataDir: C:\\Users\\nexsoft\\AppData\\Lo...}, fedcm:accounts: true, goog:chromeOptions: {debuggerAddress: localhost:64631}, networkConnectionEnabled: false, pageLoadStrategy: normal, platformName: windows, proxy: Proxy(), se:cdp: ws://localhost:64631/devtoo..., se:cdpVersion: 140.0.7339.128, setWindowRect: true, strictFileInteractability: false, timeouts: {implicit: 0, pageLoad: 300000, script: 30000}, unhandledPromptBehavior: dismiss and notify, webauthn:extension:credBlob: true, webauthn:extension:largeBlob: true, webauthn:extension:minPinLength: true, webauthn:extension:prf: true, webauthn:virtualAuthenticators: true}\nSession ID: 0939d047b469d50ea5c0948c5a055324","statusTrace":"org.openqa.selenium.TimeoutException: Expected condition failed: waiting for element to be clickable: By.xpath: //div[contains(@id, 'btnschema') and .//div[text()='ASW' or contains(text(), 'Asia Sakti Wahid Foods Manufacturing')]][@style] (tried for 10 second(s) with 500 milliseconds interval)\nBuild info: version: '4.21.0', revision: '79ed462ef4'\nSystem info: os.name: 'Windows 11', os.arch: 'amd64', os.version: '10.0', java.version: '21.0.6'\nDriver info: org.openqa.selenium.chrome.ChromeDriver\nCapabilities {acceptInsecureCerts: false, browserName: chrome, browserVersion: 140.0.7339.128, chrome: {chromedriverVersion: 140.0.7339.207 (17230b545fd..., userDataDir: C:\\Users\\nexsoft\\AppData\\Lo...}, fedcm:accounts: true, goog:chromeOptions: {debuggerAddress: localhost:64631}, networkConnectionEnabled: false, pageLoadStrategy: normal, platformName: windows, proxy: Proxy(), se:cdp: ws://localhost:64631/devtoo..., se:cdpVersion: 140.0.7339.128, setWindowRect: true, strictFileInteractability: false, timeouts: {implicit: 0, pageLoad: 300000, script: 30000}, unhandledPromptBehavior: dismiss and notify, webauthn:extension:credBlob: true, webauthn:extension:largeBlob: true, webauthn:extension:minPinLength: true, webauthn:extension:prf: true, webauthn:virtualAuthenticators: true}\nSession ID: 0939d047b469d50ea5c0948c5a055324\r\n\tat org.openqa.selenium.support.ui.WebDriverWait.timeoutException(WebDriverWait.java:84)\r\n\tat org.openqa.selenium.support.ui.FluentWait.until(FluentWait.java:228)\r\n\tat com.nc.pages.PortalPage.navigateToPortal(PortalPage.java:22)\r\n\tat com.nc.stepdefinitions.PortalSteps.userNavigatesToPortal(PortalSteps.java:52)\r\n\tat ✽.User navigates to portal from testDataID \"TDG000001\"(file:///D:/MyDocument/docKris/ProjectAutomation/Maven%20POM/Maven-Selenium-Using-Test-Data-Excel/src/test/java/com/nc/features/Login.feature:5)\r\n","steps":[{"name":"Given  User login with testDataID \"TDG000001\"","time":{"start":1758697497543,"stop":1758697503289,"duration":5746},"status":"passed","steps":[],"attachments":[],"parameters":[],"stepsCount":0,"attachmentStep":false,"attachmentsCount":0,"shouldDisplayMessage":false,"hasContent":false},{"name":"And  User navigates to portal from testDataID \"TDG000001\"","time":{"start":1758697503290,"stop":1758697513676,"duration":10386},"status":"broken","statusMessage":"Expected condition failed: waiting for element to be clickable: By.xpath: //div[contains(@id, 'btnschema') and .//div[text()='ASW' or contains(text(), 'Asia Sakti Wahid Foods Manufacturing')]][@style] (tried for 10 second(s) with 500 milliseconds interval)\nBuild info: version: '4.21.0', revision: '79ed462ef4'\nSystem info: os.name: 'Windows 11', os.arch: 'amd64', os.version: '10.0', java.version: '21.0.6'\nDriver info: org.openqa.selenium.chrome.ChromeDriver\nCapabilities {acceptInsecureCerts: false, browserName: chrome, browserVersion: 140.0.7339.128, chrome: {chromedriverVersion: 140.0.7339.207 (17230b545fd..., userDataDir: C:\\Users\\nexsoft\\AppData\\Lo...}, fedcm:accounts: true, goog:chromeOptions: {debuggerAddress: localhost:64631}, networkConnectionEnabled: false, pageLoadStrategy: normal, platformName: windows, proxy: Proxy(), se:cdp: ws://localhost:64631/devtoo..., se:cdpVersion: 140.0.7339.128, setWindowRect: true, strictFileInteractability: false, timeouts: {implicit: 0, pageLoad: 300000, script: 30000}, unhandledPromptBehavior: dismiss and notify, webauthn:extension:credBlob: true, webauthn:extension:largeBlob: true, webauthn:extension:minPinLength: true, webauthn:extension:prf: true, webauthn:virtualAuthenticators: true}\nSession ID: 0939d047b469d50ea5c0948c5a055324","statusTrace":"org.openqa.selenium.TimeoutException: Expected condition failed: waiting for element to be clickable: By.xpath: //div[contains(@id, 'btnschema') and .//div[text()='ASW' or contains(text(), 'Asia Sakti Wahid Foods Manufacturing')]][@style] (tried for 10 second(s) with 500 milliseconds interval)\nBuild info: version: '4.21.0', revision: '79ed462ef4'\nSystem info: os.name: 'Windows 11', os.arch: 'amd64', os.version: '10.0', java.version: '21.0.6'\nDriver info: org.openqa.selenium.chrome.ChromeDriver\nCapabilities {acceptInsecureCerts: false, browserName: chrome, browserVersion: 140.0.7339.128, chrome: {chromedriverVersion: 140.0.7339.207 (17230b545fd..., userDataDir: C:\\Users\\nexsoft\\AppData\\Lo...}, fedcm:accounts: true, goog:chromeOptions: {debuggerAddress: localhost:64631}, networkConnectionEnabled: false, pageLoadStrategy: normal, platformName: windows, proxy: Proxy(), se:cdp: ws://localhost:64631/devtoo..., se:cdpVersion: 140.0.7339.128, setWindowRect: true, strictFileInteractability: false, timeouts: {implicit: 0, pageLoad: 300000, script: 30000}, unhandledPromptBehavior: dismiss and notify, webauthn:extension:credBlob: true, webauthn:extension:largeBlob: true, webauthn:extension:minPinLength: true, webauthn:extension:prf: true, webauthn:virtualAuthenticators: true}\nSession ID: 0939d047b469d50ea5c0948c5a055324\r\n\tat org.openqa.selenium.support.ui.WebDriverWait.timeoutException(WebDriverWait.java:84)\r\n\tat org.openqa.selenium.support.ui.FluentWait.until(FluentWait.java:228)\r\n\tat com.nc.pages.PortalPage.navigateToPortal(PortalPage.java:22)\r\n\tat com.nc.stepdefinitions.PortalSteps.userNavigatesToPortal(PortalSteps.java:52)\r\n\tat ✽.User navigates to portal from testDataID \"TDG000001\"(file:///D:/MyDocument/docKris/ProjectAutomation/Maven%20POM/Maven-Selenium-Using-Test-Data-Excel/src/test/java/com/nc/features/Login.feature:5)\r\n","steps":[],"attachments":[],"parameters":[],"stepsCount":0,"attachmentStep":false,"attachmentsCount":0,"shouldDisplayMessage":true,"hasContent":true},{"name":"Then  User should see Nexchief title","time":{"start":1758697513676,"stop":1758697513680,"duration":4},"status":"skipped","steps":[],"attachments":[],"parameters":[],"stepsCount":0,"attachmentStep":false,"attachmentsCount":0,"shouldDisplayMessage":false,"hasContent":false}],"attachments":[],"parameters":[],"stepsCount":3,"attachmentStep":false,"attachmentsCount":0,"shouldDisplayMessage":false,"hasContent":true},"afterStages":[{"name":"com.nc.stepdefinitions.Hooks.afterScenario(io.cucumber.java.Scenario)","time":{"start":1758697513684,"stop":1758697514318,"duration":634},"status":"passed","steps":[],"attachments":[],"parameters":[],"stepsCount":0,"attachmentStep":false,"attachmentsCount":0,"shouldDisplayMessage":false,"hasContent":false}],"labels":[{"name":"host","value":"201708001-KrisBiyantoro-Laptop"},{"name":"thread","value":"23440@201708001-KrisBiyantoro-Laptop.main(1)"},{"name":"feature","value":"Login Functionality"},{"name":"story","value":"Successful login"},{"name":"suite","value":"Login Functionality"},{"name":"testClass","value":"Successful login"},{"name":"framework","value":"cucumber4jvm"},{"name":"language","value":"java"},{"name":"gherkin_uri","value":"file:///D:/MyDocument/docKris/ProjectAutomation/Maven%20POM/Maven-Selenium-Using-Test-Data-Excel/src/test/java/com/nc/features/Login.feature"},{"name":"package","value":"src.test.java.com.nc.features.Login_feature.Login Functionality"},{"name":"resultFormat","value":"allure2"}],"parameters":[{"name":"testDataID","value":"TDG000001"}],"links":[],"hidden":true,"retry":true,"extra":{"categories":[],"tags":[]},"source":"55a42a6ed0799d2f.json","parameterValues":["TDG000001"]}