{"uid":"cfa671cb02e56247","name":"Successful login","fullName":"src/test/java/com/nc/features/MasterFlow.feature:11","historyId":"6465fa3d86bf5db51f943772ad7b7bcb","time":{"start":1758696615103,"stop":1758696633316,"duration":18213},"status":"broken","statusMessage":"Expected condition failed: waiting for element to be clickable: By.xpath: //div[contains(@id, 'btnschema') and .//div[text()='ASW' or contains(text(), 'Asia Sakti Wahid Foods Manufacturing')]][@style] (tried for 10 second(s) with 500 milliseconds interval)\nBuild info: version: '4.20.0', revision: '866c76ca80'\nSystem info: os.name: 'Windows 11', os.arch: 'amd64', os.version: '10.0', java.version: '21.0.6'\nDriver info: org.openqa.selenium.chrome.ChromeDriver\nCapabilities {acceptInsecureCerts: false, browserName: chrome, browserVersion: 140.0.7339.128, chrome: {chromedriverVersion: 140.0.7339.207 (17230b545fd..., userDataDir: C:\\Users\\nexsoft\\AppData\\Lo...}, fedcm:accounts: true, goog:chromeOptions: {debuggerAddress: localhost:64219}, networkConnectionEnabled: false, pageLoadStrategy: normal, platformName: windows, proxy: Proxy(), se:cdp: ws://localhost:64219/devtoo..., se:cdpVersion: 140.0.7339.128, setWindowRect: true, strictFileInteractability: false, timeouts: {implicit: 0, pageLoad: 300000, script: 30000}, unhandledPromptBehavior: dismiss and notify, webauthn:extension:credBlob: true, webauthn:extension:largeBlob: true, webauthn:extension:minPinLength: true, webauthn:extension:prf: true, webauthn:virtualAuthenticators: true}\nSession ID: 576c3ebec1d7b7e99d25a35f37ecf9e1","statusTrace":"org.openqa.selenium.TimeoutException: Expected condition failed: waiting for element to be clickable: By.xpath: //div[contains(@id, 'btnschema') and .//div[text()='ASW' or contains(text(), 'Asia Sakti Wahid Foods Manufacturing')]][@style] (tried for 10 second(s) with 500 milliseconds interval)\nBuild info: version: '4.20.0', revision: '866c76ca80'\nSystem info: os.name: 'Windows 11', os.arch: 'amd64', os.version: '10.0', java.version: '21.0.6'\nDriver info: org.openqa.selenium.chrome.ChromeDriver\nCapabilities {acceptInsecureCerts: false, browserName: chrome, browserVersion: 140.0.7339.128, chrome: {chromedriverVersion: 140.0.7339.207 (17230b545fd..., userDataDir: C:\\Users\\nexsoft\\AppData\\Lo...}, fedcm:accounts: true, goog:chromeOptions: {debuggerAddress: localhost:64219}, networkConnectionEnabled: false, pageLoadStrategy: normal, platformName: windows, proxy: Proxy(), se:cdp: ws://localhost:64219/devtoo..., se:cdpVersion: 140.0.7339.128, setWindowRect: true, strictFileInteractability: false, timeouts: {implicit: 0, pageLoad: 300000, script: 30000}, unhandledPromptBehavior: dismiss and notify, webauthn:extension:credBlob: true, webauthn:extension:largeBlob: true, webauthn:extension:minPinLength: true, webauthn:extension:prf: true, webauthn:virtualAuthenticators: true}\nSession ID: 576c3ebec1d7b7e99d25a35f37ecf9e1\r\n\tat org.openqa.selenium.support.ui.WebDriverWait.timeoutException(WebDriverWait.java:84)\r\n\tat org.openqa.selenium.support.ui.FluentWait.until(FluentWait.java:228)\r\n\tat com.nc.pages.PortalPage.navigateToPortal(PortalPage.java:21)\r\n\tat com.nc.stepdefinitions.PortalSteps.userNavigatesToPortal(PortalSteps.java:52)\r\n\tat ✽.User navigates to portal from testDataID \"TDG000001\"(file:///D:/MyDocument/docKris/ProjectAutomation/Maven%20POM/Maven-Selenium-Using-Test-Data-Excel/src/test/java/com/nc/features/MasterFlow.feature:5)\r\n","flaky":false,"newFailed":false,"newBroken":false,"newPassed":false,"retriesCount":0,"retriesStatusChange":false,"beforeStages":[{"name":"com.nc.stepdefinitions.Hooks.beforeScenario(io.cucumber.java.Scenario)","time":{"start":1758696615103,"stop":1758696615105,"duration":2},"status":"passed","steps":[],"attachments":[],"parameters":[],"stepsCount":0,"attachmentStep":false,"attachmentsCount":0,"shouldDisplayMessage":false,"hasContent":false},{"name":"com.nc.stepdefinitions.LoginSteps.setup()","time":{"start":1758696615105,"stop":1758696621178,"duration":6073},"status":"passed","steps":[],"attachments":[],"parameters":[],"stepsCount":0,"attachmentStep":false,"attachmentsCount":0,"shouldDisplayMessage":false,"hasContent":false},{"name":"com.nc.stepdefinitions.PortalSteps.setup()","time":{"start":1758696621180,"stop":1758696621180,"duration":0},"status":"passed","steps":[],"attachments":[],"parameters":[],"stepsCount":0,"attachmentStep":false,"attachmentsCount":0,"shouldDisplayMessage":false,"hasContent":false}],"testStage":{"status":"broken","statusMessage":"Expected condition failed: waiting for element to be clickable: By.xpath: //div[contains(@id, 'btnschema') and .//div[text()='ASW' or contains(text(), 'Asia Sakti Wahid Foods Manufacturing')]][@style] (tried for 10 second(s) with 500 milliseconds interval)\nBuild info: version: '4.20.0', revision: '866c76ca80'\nSystem info: os.name: 'Windows 11', os.arch: 'amd64', os.version: '10.0', java.version: '21.0.6'\nDriver info: org.openqa.selenium.chrome.ChromeDriver\nCapabilities {acceptInsecureCerts: false, browserName: chrome, browserVersion: 140.0.7339.128, chrome: {chromedriverVersion: 140.0.7339.207 (17230b545fd..., userDataDir: C:\\Users\\nexsoft\\AppData\\Lo...}, fedcm:accounts: true, goog:chromeOptions: {debuggerAddress: localhost:64219}, networkConnectionEnabled: false, pageLoadStrategy: normal, platformName: windows, proxy: Proxy(), se:cdp: ws://localhost:64219/devtoo..., se:cdpVersion: 140.0.7339.128, setWindowRect: true, strictFileInteractability: false, timeouts: {implicit: 0, pageLoad: 300000, script: 30000}, unhandledPromptBehavior: dismiss and notify, webauthn:extension:credBlob: true, webauthn:extension:largeBlob: true, webauthn:extension:minPinLength: true, webauthn:extension:prf: true, webauthn:virtualAuthenticators: true}\nSession ID: 576c3ebec1d7b7e99d25a35f37ecf9e1","statusTrace":"org.openqa.selenium.TimeoutException: Expected condition failed: waiting for element to be clickable: By.xpath: //div[contains(@id, 'btnschema') and .//div[text()='ASW' or contains(text(), 'Asia Sakti Wahid Foods Manufacturing')]][@style] (tried for 10 second(s) with 500 milliseconds interval)\nBuild info: version: '4.20.0', revision: '866c76ca80'\nSystem info: os.name: 'Windows 11', os.arch: 'amd64', os.version: '10.0', java.version: '21.0.6'\nDriver info: org.openqa.selenium.chrome.ChromeDriver\nCapabilities {acceptInsecureCerts: false, browserName: chrome, browserVersion: 140.0.7339.128, chrome: {chromedriverVersion: 140.0.7339.207 (17230b545fd..., userDataDir: C:\\Users\\nexsoft\\AppData\\Lo...}, fedcm:accounts: true, goog:chromeOptions: {debuggerAddress: localhost:64219}, networkConnectionEnabled: false, pageLoadStrategy: normal, platformName: windows, proxy: Proxy(), se:cdp: ws://localhost:64219/devtoo..., se:cdpVersion: 140.0.7339.128, setWindowRect: true, strictFileInteractability: false, timeouts: {implicit: 0, pageLoad: 300000, script: 30000}, unhandledPromptBehavior: dismiss and notify, webauthn:extension:credBlob: true, webauthn:extension:largeBlob: true, webauthn:extension:minPinLength: true, webauthn:extension:prf: true, webauthn:virtualAuthenticators: true}\nSession ID: 576c3ebec1d7b7e99d25a35f37ecf9e1\r\n\tat org.openqa.selenium.support.ui.WebDriverWait.timeoutException(WebDriverWait.java:84)\r\n\tat org.openqa.selenium.support.ui.FluentWait.until(FluentWait.java:228)\r\n\tat com.nc.pages.PortalPage.navigateToPortal(PortalPage.java:21)\r\n\tat com.nc.stepdefinitions.PortalSteps.userNavigatesToPortal(PortalSteps.java:52)\r\n\tat ✽.User navigates to portal from testDataID \"TDG000001\"(file:///D:/MyDocument/docKris/ProjectAutomation/Maven%20POM/Maven-Selenium-Using-Test-Data-Excel/src/test/java/com/nc/features/MasterFlow.feature:5)\r\n","steps":[{"name":"Given  User login with testDataID \"TDG000001\"","time":{"start":1758696621182,"stop":1758696622025,"duration":843},"status":"passed","steps":[],"attachments":[],"parameters":[],"stepsCount":0,"attachmentStep":false,"attachmentsCount":0,"shouldDisplayMessage":false,"hasContent":false},{"name":"And  User navigates to portal from testDataID \"TDG000001\"","time":{"start":1758696622026,"stop":1758696632659,"duration":10633},"status":"broken","statusMessage":"Expected condition failed: waiting for element to be clickable: By.xpath: //div[contains(@id, 'btnschema') and .//div[text()='ASW' or contains(text(), 'Asia Sakti Wahid Foods Manufacturing')]][@style] (tried for 10 second(s) with 500 milliseconds interval)\nBuild info: version: '4.20.0', revision: '866c76ca80'\nSystem info: os.name: 'Windows 11', os.arch: 'amd64', os.version: '10.0', java.version: '21.0.6'\nDriver info: org.openqa.selenium.chrome.ChromeDriver\nCapabilities {acceptInsecureCerts: false, browserName: chrome, browserVersion: 140.0.7339.128, chrome: {chromedriverVersion: 140.0.7339.207 (17230b545fd..., userDataDir: C:\\Users\\nexsoft\\AppData\\Lo...}, fedcm:accounts: true, goog:chromeOptions: {debuggerAddress: localhost:64219}, networkConnectionEnabled: false, pageLoadStrategy: normal, platformName: windows, proxy: Proxy(), se:cdp: ws://localhost:64219/devtoo..., se:cdpVersion: 140.0.7339.128, setWindowRect: true, strictFileInteractability: false, timeouts: {implicit: 0, pageLoad: 300000, script: 30000}, unhandledPromptBehavior: dismiss and notify, webauthn:extension:credBlob: true, webauthn:extension:largeBlob: true, webauthn:extension:minPinLength: true, webauthn:extension:prf: true, webauthn:virtualAuthenticators: true}\nSession ID: 576c3ebec1d7b7e99d25a35f37ecf9e1","statusTrace":"org.openqa.selenium.TimeoutException: Expected condition failed: waiting for element to be clickable: By.xpath: //div[contains(@id, 'btnschema') and .//div[text()='ASW' or contains(text(), 'Asia Sakti Wahid Foods Manufacturing')]][@style] (tried for 10 second(s) with 500 milliseconds interval)\nBuild info: version: '4.20.0', revision: '866c76ca80'\nSystem info: os.name: 'Windows 11', os.arch: 'amd64', os.version: '10.0', java.version: '21.0.6'\nDriver info: org.openqa.selenium.chrome.ChromeDriver\nCapabilities {acceptInsecureCerts: false, browserName: chrome, browserVersion: 140.0.7339.128, chrome: {chromedriverVersion: 140.0.7339.207 (17230b545fd..., userDataDir: C:\\Users\\nexsoft\\AppData\\Lo...}, fedcm:accounts: true, goog:chromeOptions: {debuggerAddress: localhost:64219}, networkConnectionEnabled: false, pageLoadStrategy: normal, platformName: windows, proxy: Proxy(), se:cdp: ws://localhost:64219/devtoo..., se:cdpVersion: 140.0.7339.128, setWindowRect: true, strictFileInteractability: false, timeouts: {implicit: 0, pageLoad: 300000, script: 30000}, unhandledPromptBehavior: dismiss and notify, webauthn:extension:credBlob: true, webauthn:extension:largeBlob: true, webauthn:extension:minPinLength: true, webauthn:extension:prf: true, webauthn:virtualAuthenticators: true}\nSession ID: 576c3ebec1d7b7e99d25a35f37ecf9e1\r\n\tat org.openqa.selenium.support.ui.WebDriverWait.timeoutException(WebDriverWait.java:84)\r\n\tat org.openqa.selenium.support.ui.FluentWait.until(FluentWait.java:228)\r\n\tat com.nc.pages.PortalPage.navigateToPortal(PortalPage.java:21)\r\n\tat com.nc.stepdefinitions.PortalSteps.userNavigatesToPortal(PortalSteps.java:52)\r\n\tat ✽.User navigates to portal from testDataID \"TDG000001\"(file:///D:/MyDocument/docKris/ProjectAutomation/Maven%20POM/Maven-Selenium-Using-Test-Data-Excel/src/test/java/com/nc/features/MasterFlow.feature:5)\r\n","steps":[],"attachments":[],"parameters":[],"stepsCount":0,"attachmentStep":false,"attachmentsCount":0,"shouldDisplayMessage":true,"hasContent":true},{"name":"Then  User should see Nexchief title","time":{"start":1758696632659,"stop":1758696632662,"duration":3},"status":"skipped","steps":[],"attachments":[],"parameters":[],"stepsCount":0,"attachmentStep":false,"attachmentsCount":0,"shouldDisplayMessage":false,"hasContent":false}],"attachments":[],"parameters":[],"stepsCount":3,"attachmentStep":false,"attachmentsCount":0,"shouldDisplayMessage":false,"hasContent":true},"afterStages":[{"name":"com.nc.stepdefinitions.Hooks.afterScenario(io.cucumber.java.Scenario)","time":{"start":1758696632662,"stop":1758696633314,"duration":652},"status":"passed","steps":[],"attachments":[],"parameters":[],"stepsCount":0,"attachmentStep":false,"attachmentsCount":0,"shouldDisplayMessage":false,"hasContent":false}],"labels":[{"name":"host","value":"201708001-KrisBiyantoro-Laptop"},{"name":"thread","value":"22712@201708001-KrisBiyantoro-Laptop.main(1)"},{"name":"feature","value":"Master Flow Feature"},{"name":"story","value":"Successful login"},{"name":"suite","value":"Master Flow Feature"},{"name":"testClass","value":"Successful login"},{"name":"framework","value":"cucumber4jvm"},{"name":"language","value":"java"},{"name":"gherkin_uri","value":"file:///D:/MyDocument/docKris/ProjectAutomation/Maven%20POM/Maven-Selenium-Using-Test-Data-Excel/src/test/java/com/nc/features/MasterFlow.feature"},{"name":"package","value":"src.test.java.com.nc.features.MasterFlow_feature.Master Flow Feature"},{"name":"resultFormat","value":"allure2"}],"parameters":[{"name":"testDataID","value":"TDG000001"}],"links":[],"hidden":true,"retry":true,"extra":{"categories":[],"tags":[]},"source":"cfa671cb02e56247.json","parameterValues":["TDG000001"]}